Determining if the pthread_create exist failed with the following output:
Change Dir: /home/kaywu/Dropbox/Torcyx/build/CMakeFiles/CMakeTmp

Run Build Command(s):/usr/bin/make cmTC_8efaa/fast 
/usr/bin/make -f CMakeFiles/cmTC_8efaa.dir/build.make CMakeFiles/cmTC_8efaa.dir/build
make[1]: Entering directory '/home/kaywu/Dropbox/Torcyx/build/CMakeFiles/CMakeTmp'
Building C object CMakeFiles/cmTC_8efaa.dir/CheckSymbolExists.c.o
/usr/bin/cc   -fPIE   -o CMakeFiles/cmTC_8efaa.dir/CheckSymbolExists.c.o   -c /home/kaywu/Dropbox/Torcyx/build/CMakeFiles/CMakeTmp/CheckSymbolExists.c
Linking C executable cmTC_8efaa
/home/kaywu/.pyenv/versions/anaconda3-5.3.1/bin/cmake -E cmake_link_script CMakeFiles/cmTC_8efaa.dir/link.txt --verbose=1
/usr/bin/cc      CMakeFiles/cmTC_8efaa.dir/CheckSymbolExists.c.o  -o cmTC_8efaa 
CMakeFiles/cmTC_8efaa.dir/CheckSymbolExists.c.o: In function `main':
CheckSymbolExists.c:(.text+0x1b): undefined reference to `pthread_create'
collect2: error: ld returned 1 exit status
CMakeFiles/cmTC_8efaa.dir/build.make:86: recipe for target 'cmTC_8efaa' failed
make[1]: *** [cmTC_8efaa] Error 1
make[1]: Leaving directory '/home/kaywu/Dropbox/Torcyx/build/CMakeFiles/CMakeTmp'
Makefile:121: recipe for target 'cmTC_8efaa/fast' failed
make: *** [cmTC_8efaa/fast] Error 2

File /home/kaywu/Dropbox/Torcyx/build/CMakeFiles/CMakeTmp/CheckSymbolExists.c:
/* */
#include <pthread.h>

int main(int argc, char** argv)
{
  (void)argv;
#ifndef pthread_create
  return ((int*)(&pthread_create))[argc];
#else
  (void)argc;
  return 0;
#endif
}

Determining if the function pthread_create exists in the pthreads failed with the following output:
Change Dir: /home/kaywu/Dropbox/Torcyx/build/CMakeFiles/CMakeTmp

Run Build Command(s):/usr/bin/make cmTC_2740f/fast 
/usr/bin/make -f CMakeFiles/cmTC_2740f.dir/build.make CMakeFiles/cmTC_2740f.dir/build
make[1]: Entering directory '/home/kaywu/Dropbox/Torcyx/build/CMakeFiles/CMakeTmp'
Building C object CMakeFiles/cmTC_2740f.dir/CheckFunctionExists.c.o
/usr/bin/cc   -DCHECK_FUNCTION_EXISTS=pthread_create -fPIE   -o CMakeFiles/cmTC_2740f.dir/CheckFunctionExists.c.o   -c /home/kaywu/.pyenv/versions/anaconda3-5.3.1/share/cmake-3.14/Modules/CheckFunctionExists.c
Linking C executable cmTC_2740f
/home/kaywu/.pyenv/versions/anaconda3-5.3.1/bin/cmake -E cmake_link_script CMakeFiles/cmTC_2740f.dir/link.txt --verbose=1
/usr/bin/cc  -DCHECK_FUNCTION_EXISTS=pthread_create    CMakeFiles/cmTC_2740f.dir/CheckFunctionExists.c.o  -o cmTC_2740f -lpthreads 
/usr/bin/ld: cannot find -lpthreads
collect2: error: ld returned 1 exit status
CMakeFiles/cmTC_2740f.dir/build.make:86: recipe for target 'cmTC_2740f' failed
make[1]: *** [cmTC_2740f] Error 1
make[1]: Leaving directory '/home/kaywu/Dropbox/Torcyx/build/CMakeFiles/CMakeTmp'
Makefile:121: recipe for target 'cmTC_2740f/fast' failed
make: *** [cmTC_2740f/fast] Error 2


